------------------------------------
url: /rendimiento/borrar
El proceso tomó: 0.021293 segundos.
Memoria usada: 0.14 MB

------------------------------------
url: /testing/rutas/formulario?accion=mostrar_formulario&ruta_index=5
El proceso tomó: 0.028816 segundos.
Memoria usada: 0.16 MB

------------------------------------
url: /testing/rutas
El proceso tomó: 0.041181 segundos.
Memoria usada: 0.16 MB

------------------------------------
url: /testing/rutas/formulario?accion=mostrar_formulario&ruta_index=1
El proceso tomó: 0.020432 segundos.
Memoria usada: 0.16 MB

------------------------------------
url: /testing/rutas
El proceso tomó: 0.021027 segundos.
Memoria usada: 0.16 MB

------------------------------------
url: /testing/rutas/formulario?accion=mostrar_formulario&ruta_index=17
El proceso tomó: 0.022285 segundos.
Memoria usada: 0.16 MB

------------------------------------
url: /rs/
El proceso tomó: 0.018305 segundos.
Memoria usada: 0.14 MB

------------------------------------
url: /rendimiento/
El proceso tomó: 0.022665 segundos.
Memoria usada: 0.14 MB

------------------------------------
url: /testing/rutas
El proceso tomó: 0.01938 segundos.
Memoria usada: 0.16 MB

------------------------------------
url: /testing/rutas/formulario?accion=mostrar_formulario&ruta_index=10
El proceso tomó: 0.022434 segundos.
Memoria usada: 0.16 MB

------------------------------------
url: /Administrar
El proceso tomó: 0.037311 segundos.
Memoria usada: 0.19 MB

------------------------------------
url: /dep/css
El proceso tomó: 0.040125 segundos.
Memoria usada: 0.16 MB

------------------------------------
url: /htmx/js
El proceso tomó: 0.051071 segundos.
Memoria usada: 0.25 MB

------------------------------------
url: /dep/js
El proceso tomó: 0.024407 segundos.
Memoria usada: 0.16 MB

------------------------------------
url: /usuario/rol?rol=
El proceso tomó: 0.115727 segundos.
Memoria usada: 0.26 MB

------------------------------------
url: /usuario/list
El proceso tomó: 0.073073 segundos.
Memoria usada: 0.27 MB

------------------------------------
url: /rs/
El proceso tomó: 0.027555 segundos.
Memoria usada: 0.14 MB

------------------------------------
url: /rendimiento/
El proceso tomó: 0.023914 segundos.
Memoria usada: 0.14 MB

------------------------------------
url: /testing/rutas
El proceso tomó: 0.033715 segundos.
Memoria usada: 0.16 MB

------------------------------------
url: /bdSQLWeb/tablas
El proceso tomó: 0.039595 segundos.
Memoria usada: 0.15 MB

------------------------------------
url: /Terminal/interfaz
El proceso tomó: 0.044203 segundos.
Memoria usada: 0.16 MB

